Turno 1
+---+---+---+---+---+---+---+---+---+---+---+---+---+---+---+---+---+---+---+---+
| * | * | * |   |   | * |   |   |   | * | * | * |   |   |   |   |   |   | * |   |
+---+---+---+---+---+---+---+---+---+---+---+---+---+---+---+---+---+---+---+---+
|   |   |   | * | * |   |   | * |   |   |   | * | * | * | * | * | * | * |   | * |
+---+---+---+---+---+---+---+---+---+---+---+---+---+---+---+---+---+---+---+---+
|   |   |   |   |   | * |   | * |   | * |   | * |   | * | * | * |   | * |   | * |
+---+---+---+---+---+---+---+---+---+---+---+---+---+---+---+---+---+---+---+---+
| * | * |   |   |   |   |   |   |   | * |   | * |   | * |   | * | * | * |   | * |
+---+---+---+---+---+---+---+---+---+---+---+---+---+---+---+---+---+---+---+---+
| * |   |   |   |   |   |   |   |   | * | * |   |   | * | * | * | * | * |   | * |
+---+---+---+---+---+---+---+---+---+---+---+---+---+---+---+---+---+---+---+---+
| * | * |   | * |   |   |   |   |   |   | * |   |   |   |   | * |   |   |   | * |
+---+---+---+---+---+---+---+---+---+---+---+---+---+---+---+---+---+---+---+---+
| * |   | * |   | * |   |   |   | * |   | * | * | * |   |   |   |   |   |   | * |
+---+---+---+---+---+---+---+---+---+---+---+---+---+---+---+---+---+---+---+---+
|   | * |   | * | * |   |   |   | * |   |   | * |   |   |   |   |   | * |   | * |
+---+---+---+---+---+---+---+---+---+---+---+---+---+---+---+---+---+---+---+---+
|   |   | * | * | * |   |   | * | * |   |   | * |   |   |   | * |   | * | * | * |
+---+---+---+---+---+---+---+---+---+---+---+---+---+---+---+---+---+---+---+---+
|   | * | * |   |   |   |   | * | * | * | * |   |   | * | * |   | * | * |   | * |
+---+---+---+---+---+---+---+---+---+---+---+---+---+---+---+---+---+---+---+---+
| * | * | * |   |   |   |   | * |   |   |   | * | * |   | * |   |   | * | * | * |
+---+---+---+---+---+---+---+---+---+---+---+---+---+---+---+---+---+---+---+---+
|   | * |   |   |   |   |   |   |   |   |   |   |   |   | * | * | * |   |   |   |
+---+---+---+---+---+---+---+---+---+---+---+---+---+---+---+---+---+---+---+---+
| * |   |   |   |   |   | * |   |   |   |   |   | * |   |   |   | * | * | * |   |
+---+---+---+---+---+---+---+---+---+---+---+---+---+---+---+---+---+---+---+---+
| * |   |   |   |   |   | * |   |   |   |   |   | * |   |   |   |   |   |   |   |
+---+---+---+---+---+---+---+---+---+---+---+---+---+---+---+---+---+---+---+---+
| * |   |   |   | * | * |   |   |   |   |   |   |   |   |   |   | * | * |   | * |
+---+---+---+---+---+---+---+---+---+---+---+---+---+---+---+---+---+---+---+---+
|   | * | * | * |   | * | * |   |   |   |   |   |   |   |   |   | * | * |   | * |
+---+---+---+---+---+---+---+---+---+---+---+---+---+---+---+---+---+---+---+---+
|   | * |   |   | * | * |   |   |   |   |   |   |   |   |   | * | * | * |   | * |
+---+---+---+---+---+---+---+---+---+---+---+---+---+---+---+---+---+---+---+---+
| * | * |   |   |   |   |   |   |   |   |   |   |   |   |   | * |   | * |   | * |
+---+---+---+---+---+---+---+---+---+---+---+---+---+---+---+---+---+---+---+---+
| * |   | * |   |   |   | * |   |   |   |   |   | * |   | * | * |   |   |   | * |
+---+---+---+---+---+---+---+---+---+---+---+---+---+---+---+---+---+---+---+---+
| * | * | * |   | * | * |   | * | * | * |   |   |   |   |   | * | * | * |   | * |
+---+---+---+---+---+---+---+---+---+---+---+---+---+---+---+---+---+---+---+---+
Turno 2
+---+---+---+---+---+---+---+---+---+---+---+---+---+---+---+---+---+---+---+---+
| * | * | * | * | * | * |   |   |   | * | * | * |   | * | * | * | * | * | * |   |
+---+---+---+---+---+---+---+---+---+---+---+---+---+---+---+---+---+---+---+---+
|   | * | * | * | * | * |   | * |   | * |   |   |   |   |   |   |   | * |   | * |
+---+---+---+---+---+---+---+---+---+---+---+---+---+---+---+---+---+---+---+---+
|   |   |   |   | * | * | * | * |   | * |   | * |   |   |   |   |   |   |   | * |
+---+---+---+---+---+---+---+---+---+---+---+---+---+---+---+---+---+---+---+---+
| * | * |   |   |   |   |   |   |   | * |   | * |   |   |   |   |   |   |   | * |
+---+---+---+---+---+---+---+---+---+---+---+---+---+---+---+---+---+---+---+---+
|   |   | * |   |   |   |   |   |   | * |   | * | * | * |   |   |   | * |   | * |
+---+---+---+---+---+---+---+---+---+---+---+---+---+---+---+---+---+---+---+---+
| * |   | * | * |   |   |   |   |   |   |   |   | * | * |   | * |   |   |   | * |
+---+---+---+---+---+---+---+---+---+---+---+---+---+---+---+---+---+---+---+---+
| * |   |   |   | * |   |   |   | * |   | * |   | * |   |   |   |   |   |   | * |
+---+---+---+---+---+---+---+---+---+---+---+---+---+---+---+---+---+---+---+---+
|   | * |   |   |   | * |   |   | * |   |   |   |   |   |   |   | * | * |   | * |
+---+---+---+---+---+---+---+---+---+---+---+---+---+---+---+---+---+---+---+---+
|   |   |   |   | * |   |   |   |   |   |   | * | * |   | * | * |   |   |   | * |
+---+---+---+---+---+---+---+---+---+---+---+---+---+---+---+---+---+---+---+---+
| * |   |   |   |   |   | * |   |   | * | * |   |   | * | * |   |   |   |   |   |
+---+---+---+---+---+---+---+---+---+---+---+---+---+---+---+---+---+---+---+---+
| * |   |   |   |   |   |   | * |   | * | * | * | * |   |   |   |   |   |   | * |
+---+---+---+---+---+---+---+---+---+---+---+---+---+---+---+---+---+---+---+---+
|   |   | * |   |   |   |   |   |   |   |   | * | * |   | * |   |   |   |   | * |
+---+---+---+---+---+---+---+---+---+---+---+---+---+---+---+---+---+---+---+---+
| * | * |   |   |   |   | * |   |   |   |   |   | * | * |   |   | * | * | * |   |
+---+---+---+---+---+---+---+---+---+---+---+---+---+---+---+---+---+---+---+---+
| * | * |   |   |   |   | * |   |   |   |   |   | * |   |   |   |   |   |   |   |
+---+---+---+---+---+---+---+---+---+---+---+---+---+---+---+---+---+---+---+---+
| * |   | * | * | * |   |   |   |   |   |   |   |   |   |   |   | * | * |   | * |
+---+---+---+---+---+---+---+---+---+---+---+---+---+---+---+---+---+---+---+---+
| * | * | * | * |   |   | * |   |   |   |   |   |   |   |   |   |   |   |   | * |
+---+---+---+---+---+---+---+---+---+---+---+---+---+---+---+---+---+---+---+---+
|   |   |   | * | * | * | * |   |   |   |   |   |   |   |   | * |   |   |   | * |
+---+---+---+---+---+---+---+---+---+---+---+---+---+---+---+---+---+---+---+---+
| * |   | * |   |   | * |   |   |   |   |   |   |   |   |   |   |   | * |   | * |
+---+---+---+---+---+---+---+---+---+---+---+---+---+---+---+---+---+---+---+---+
|   |   | * | * |   | * | * | * | * |   |   |   |   |   | * |   |   | * |   | * |
+---+---+---+---+---+---+---+---+---+---+---+---+---+---+---+---+---+---+---+---+
| * |   | * | * | * | * | * | * | * | * |   |   |   |   | * | * | * | * | * | * |
+---+---+---+---+---+---+---+---+---+---+---+---+---+---+---+---+---+---+---+---+
Turno 3
+---+---+---+---+---+---+---+---+---+---+---+---+---+---+---+---+---+---+---+---+
| * |   |   |   |   | * | * |   | * | * | * | * |   | * | * | * | * | * | * |   |
+---+---+---+---+---+---+---+---+---+---+---+---+---+---+---+---+---+---+---+---+
| * |   |   |   |   |   |   | * |   | * |   | * | * |   | * | * |   | * |   | * |
+---+---+---+---+---+---+---+---+---+---+---+---+---+---+---+---+---+---+---+---+
| * |   |   |   |   |   |   | * |   | * |   | * |   |   |   |   |   |   |   | * |
+---+---+---+---+---+---+---+---+---+---+---+---+---+---+---+---+---+---+---+---+
| * | * |   |   |   | * | * |   |   | * |   | * |   |   |   |   |   |   |   | * |
+---+---+---+---+---+---+---+---+---+---+---+---+---+---+---+---+---+---+---+---+
| * |   | * | * |   |   |   |   |   | * |   | * |   | * | * |   |   |   |   | * |
+---+---+---+---+---+---+---+---+---+---+---+---+---+---+---+---+---+---+---+---+
| * |   | * | * |   |   |   |   |   | * | * |   |   |   | * |   |   |   |   | * |
+---+---+---+---+---+---+---+---+---+---+---+---+---+---+---+---+---+---+---+---+
| * |   | * | * | * |   |   |   | * | * |   | * | * | * |   |   | * |   |   | * |
+---+---+---+---+---+---+---+---+---+---+---+---+---+---+---+---+---+---+---+---+
|   | * |   |   | * | * |   |   | * | * |   |   | * | * |   | * | * | * |   | * |
+---+---+---+---+---+---+---+---+---+---+---+---+---+---+---+---+---+---+---+---+
|   |   |   |   | * | * |   |   |   | * | * | * | * |   | * | * | * |   | * | * |
+---+---+---+---+---+---+---+---+---+---+---+---+---+---+---+---+---+---+---+---+
| * |   |   |   |   |   | * |   | * | * |   |   |   |   | * | * |   |   |   |   |
+---+---+---+---+---+---+---+---+---+---+---+---+---+---+---+---+---+---+---+---+
| * | * |   |   |   |   |   | * | * | * |   |   |   |   | * |   |   |   |   | * |
+---+---+---+---+---+---+---+---+---+---+---+---+---+---+---+---+---+---+---+---+
| * |   | * |   |   |   |   |   |   |   |   |   |   |   | * |   |   | * |   | * |
+---+---+---+---+---+---+---+---+---+---+---+---+---+---+---+---+---+---+---+---+
| * |   | * |   |   |   | * |   |   |   |   |   |   |   |   |   | * | * | * |   |
+---+---+---+---+---+---+---+---+---+---+---+---+---+---+---+---+---+---+---+---+
|   |   |   | * |   | * | * |   |   |   |   |   | * | * |   |   |   |   |   |   |
+---+---+---+---+---+---+---+---+---+---+---+---+---+---+---+---+---+---+---+---+
|   |   |   |   | * | * |   |   |   |   |   |   |   |   |   |   | * | * | * | * |
+---+---+---+---+---+---+---+---+---+---+---+---+---+---+---+---+---+---+---+---+
| * |   |   |   |   |   | * |   |   |   |   |   |   |   |   |   | * |   |   | * |
+---+---+---+---+---+---+---+---+---+---+---+---+---+---+---+---+---+---+---+---+
| * |   |   |   |   |   | * |   |   |   |   |   |   |   |   |   |   |   |   | * |
+---+---+---+---+---+---+---+---+---+---+---+---+---+---+---+---+---+---+---+---+
|   | * | * |   |   |   |   |   |   |   |   |   |   |   |   |   | * | * |   | * |
+---+---+---+---+---+---+---+---+---+---+---+---+---+---+---+---+---+---+---+---+
|   |   |   |   |   |   |   |   |   | * |   |   |   |   | * |   |   |   |   | * |
+---+---+---+---+---+---+---+---+---+---+---+---+---+---+---+---+---+---+---+---+
|   | * | * |   |   |   |   |   |   | * |   |   |   |   | * | * | * | * |   | * |
+---+---+---+---+---+---+---+---+---+---+---+---+---+---+---+---+---+---+---+---+
Turno 4
+---+---+---+---+---+---+---+---+---+---+---+---+---+---+---+---+---+---+---+---+
| * |   |   |   |   | * | * | * | * | * |   | * |   | * |   |   |   | * | * |   |
+---+---+---+---+---+---+---+---+---+---+---+---+---+---+---+---+---+---+---+---+
| * | * |   |   |   |   |   | * |   |   |   |   |   |   |   |   |   | * |   | * |
+---+---+---+---+---+---+---+---+---+---+---+---+---+---+---+---+---+---+---+---+
| * |   |   |   |   |   |   | * |   | * |   | * |   |   |   |   |   |   |   | * |
+---+---+---+---+---+---+---+---+---+---+---+---+---+---+---+---+---+---+---+---+
| * |   | * |   |   | * | * |   |   | * |   | * |   |   |   |   |   |   | * | * |
+---+---+---+---+---+---+---+---+---+---+---+---+---+---+---+---+---+---+---+---+
| * |   |   | * | * |   |   |   | * | * |   | * | * | * | * |   |   |   | * | * |
+---+---+---+---+---+---+---+---+---+---+---+---+---+---+---+---+---+---+---+---+
| * |   |   |   |   |   |   |   |   |   |   |   |   |   | * | * |   |   | * | * |
+---+---+---+---+---+---+---+---+---+---+---+---+---+---+---+---+---+---+---+---+
| * |   |   |   |   | * |   |   |   |   |   | * |   |   |   |   | * | * |   | * |
+---+---+---+---+---+---+---+---+---+---+---+---+---+---+---+---+---+---+---+---+
|   | * | * |   |   |   |   |   |   |   |   |   |   |   |   |   |   |   |   | * |
+---+---+---+---+---+---+---+---+---+---+---+---+---+---+---+---+---+---+---+---+
|   |   |   |   | * |   | * | * |   |   |   | * | * |   |   |   |   |   | * | * |
+---+---+---+---+---+---+---+---+---+---+---+---+---+---+---+---+---+---+---+---+
| * | * |   |   |   | * | * |   |   |   |   | * |   |   |   |   | * |   | * | * |
+---+---+---+---+---+---+---+---+---+---+---+---+---+---+---+---+---+---+---+---+
| * |   |   |   |   |   |   | * |   | * |   |   |   | * | * |   |   |   | * | * |
+---+---+---+---+---+---+---+---+---+---+---+---+---+---+---+---+---+---+---+---+
| * |   | * |   |   |   |   | * | * |   |   |   |   |   | * | * | * | * |   | * |
+---+---+---+---+---+---+---+---+---+---+---+---+---+---+---+---+---+---+---+---+
| * |   | * | * |   | * | * |   |   |   |   |   |   | * |   |   | * | * | * |   |
+---+---+---+---+---+---+---+---+---+---+---+---+---+---+---+---+---+---+---+---+
|   |   |   | * |   |   | * |   |   |   |   |   | * | * |   |   |   |   |   | * |
+---+---+---+---+---+---+---+---+---+---+---+---+---+---+---+---+---+---+---+---+
|   |   |   |   | * |   |   |   |   |   |   |   |   |   |   |   | * | * | * | * |
+---+---+---+---+---+---+---+---+---+---+---+---+---+---+---+---+---+---+---+---+
| * |   |   |   |   |   | * |   |   |   |   |   |   |   |   |   | * |   |   | * |
+---+---+---+---+---+---+---+---+---+---+---+---+---+---+---+---+---+---+---+---+
| * |   |   |   |   |   | * |   |   |   |   |   |   |   |   |   | * | * |   | * |
+---+---+---+---+---+---+---+---+---+---+---+---+---+---+---+---+---+---+---+---+
|   | * | * |   |   |   |   |   |   |   |   |   |   |   |   |   | * | * |   | * |
+---+---+---+---+---+---+---+---+---+---+---+---+---+---+---+---+---+---+---+---+
|   |   |   |   |   |   |   |   |   | * |   |   |   |   | * |   |   |   |   | * |
+---+---+---+---+---+---+---+---+---+---+---+---+---+---+---+---+---+---+---+---+
|   | * | * |   |   |   |   |   |   | * |   |   |   |   | * | * | * | * | * | * |
+---+---+---+---+---+---+---+---+---+---+---+---+---+---+---+---+---+---+---+---+
Turno 5
+---+---+---+---+---+---+---+---+---+---+---+---+---+---+---+---+---+---+---+---+
| * | * |   |   |   | * | * | * | * | * |   |   |   |   |   |   |   | * | * |   |
+---+---+---+---+---+---+---+---+---+---+---+---+---+---+---+---+---+---+---+---+
| * | * |   |   |   |   |   |   |   | * |   |   | * |   |   |   |   | * |   | * |
+---+---+---+---+---+---+---+---+---+---+---+---+---+---+---+---+---+---+---+---+
| * |   |   |   |   |   |   | * |   | * |   | * |   |   |   |   |   |   |   | * |
+---+---+---+---+---+---+---+---+---+---+---+---+---+---+---+---+---+---+---+---+
| * |   | * | * | * | * | * | * |   | * |   | * |   | * |   |   |   |   |   |   |
+---+---+---+---+---+---+---+---+---+---+---+---+---+---+---+---+---+---+---+---+
| * |   |   | * | * | * |   |   | * | * |   | * | * | * | * | * |   | * |   |   |
+---+---+---+---+---+---+---+---+---+---+---+---+---+---+---+---+---+---+---+---+
| * | * |   |   | * |   |   |   |   |   | * | * |   |   | * | * | * |   |   |   |
+---+---+---+---+---+---+---+---+---+---+---+---+---+---+---+---+---+---+---+---+
| * |   |   |   |   |   |   |   |   |   |   |   |   |   |   | * | * | * |   | * |
+---+---+---+---+---+---+---+---+---+---+---+---+---+---+---+---+---+---+---+---+
|   | * | * |   |   | * | * |   |   |   |   | * | * |   |   |   |   | * |   | * |
+---+---+---+---+---+---+---+---+---+---+---+---+---+---+---+---+---+---+---+---+
| * |   | * |   | * |   | * | * |   |   |   | * | * |   |   |   |   | * |   |   |
+---+---+---+---+---+---+---+---+---+---+---+---+---+---+---+---+---+---+---+---+
| * | * |   |   |   | * |   |   | * |   | * | * |   | * |   |   |   |   |   |   |
+---+---+---+---+---+---+---+---+---+---+---+---+---+---+---+---+---+---+---+---+
| * |   |   |   |   |   |   | * |   | * |   |   |   | * | * |   |   |   |   |   |
+---+---+---+---+---+---+---+---+---+---+---+---+---+---+---+---+---+---+---+---+
| * |   | * | * |   |   |   | * | * |   |   |   |   |   |   |   |   |   |   | * |
+---+---+---+---+---+---+---+---+---+---+---+---+---+---+---+---+---+---+---+---+
| * |   | * | * | * | * | * |   |   |   |   |   | * | * |   |   |   |   |   | * |
+---+---+---+---+---+---+---+---+---+---+---+---+---+---+---+---+---+---+---+---+
|   |   | * | * |   |   | * |   |   |   |   |   | * | * |   |   |   |   |   | * |
+---+---+---+---+---+---+---+---+---+---+---+---+---+---+---+---+---+---+---+---+
|   |   |   |   | * | * |   |   |   |   |   |   |   |   |   |   | * | * |   | * |
+---+---+---+---+---+---+---+---+---+---+---+---+---+---+---+---+---+---+---+---+
| * |   |   |   |   | * | * |   |   |   |   |   |   |   |   | * |   |   |   | * |
+---+---+---+---+---+---+---+---+---+---+---+---+---+---+---+---+---+---+---+---+
| * |   |   |   |   |   | * |   |   |   |   |   |   |   |   | * |   |   |   | * |
+---+---+---+---+---+---+---+---+---+---+---+---+---+---+---+---+---+---+---+---+
|   | * | * |   |   |   |   |   |   |   |   |   |   |   |   | * | * | * |   | * |
+---+---+---+---+---+---+---+---+---+---+---+---+---+---+---+---+---+---+---+---+
|   |   |   |   |   |   |   |   |   | * |   |   |   |   | * |   |   |   |   | * |
+---+---+---+---+---+---+---+---+---+---+---+---+---+---+---+---+---+---+---+---+
|   | * | * |   |   |   |   |   |   | * |   |   |   |   | * | * | * | * | * | * |
+---+---+---+---+---+---+---+---+---+---+---+---+---+---+---+---+---+---+---+---+
